<!DOCTYPE html PUBLIC "-//W3C//DTD XHTML 1.1//EN" "http://www.w3.org/TR/xhtml11/DTD/xhtml11.dtd">
<html xmlns="http://www.w3.org/1999/xhtml">
<head>
<meta http-equiv="content-type" content="text/html; charset=UTF-8"/>
<title>TestNG Report</title>
<style type="text/css">table {margin-bottom:10px;border-collapse:collapse;empty-cells:show}th,td {border:1px solid #009;padding:.25em .5em}th {vertical-align:bottom}td {vertical-align:top}table a {font-weight:bold}.stripe td {background-color: #E6EBF9}.num {text-align:right}.passedodd td {background-color: #3F3}.passedeven td {background-color: #0A0}.skippedodd td {background-color: #DDD}.skippedeven td {background-color: #CCC}.failedodd td,.attn {background-color: #F33}.failedeven td,.stripe .attn {background-color: #D00}.stacktrace {white-space:pre;font-family:monospace}.totop {font-size:85%;text-align:center;border-bottom:2px solid #000}.invisible {display:none}</style>
</head>
<body>
<table>
<tr><th>Test</th><th># Passed</th><th># Skipped</th><th># Retried</th><th># Failed</th><th>Time (ms)</th><th>Included Groups</th><th>Excluded Groups</th></tr>
<tr><th colspan="7">Applietool hackthon</th></tr>
<tr><td><a href="#t0">Mobile portrait</a></td><td class="num">4</td><td class="num">0</td><td class="num">0</td><td class="num attn">4</td><td class="num">217,962</td><td></td><td></td></tr>
</table>
<table id='summary'><thead><tr><th>Class</th><th>Method</th><th>Start</th><th>Time (ms)</th></tr></thead><tbody><tr><th colspan="4">Applietool hackthon</th></tr></tbody><tbody id="t0"><tr><th colspan="4">Mobile portrait &#8212; failed (configuration methods)</th></tr><tr class="failedeven"><td rowspan="1">com.applitools.tests.VisualAITests</td><td><a href="#m0">afterAllTests</a></td><td rowspan="1">1574628791890</td><td rowspan="1">161</td></tr><tr><th colspan="4">Mobile portrait &#8212; failed</th></tr><tr class="failedeven"><td rowspan="4">com.applitools.tests.VisualAITests</td><td><a href="#m1">testEmptyPassword</a></td><td rowspan="1">1574628608368</td><td rowspan="1">16576</td></tr><tr class="failedeven"><td><a href="#m2">testEmptyUsername</a></td><td rowspan="1">1574628624975</td><td rowspan="1">20845</td></tr><tr class="failedeven"><td><a href="#m3">testInvalidPassword</a></td><td rowspan="1">1574628645828</td><td rowspan="1">51965</td></tr><tr class="failedeven"><td><a href="#m4">testInvalidUserName</a></td><td rowspan="1">1574628697798</td><td rowspan="1">1759</td></tr><tr><th colspan="4">Mobile portrait &#8212; passed</th></tr><tr class="passedeven"><td rowspan="4">com.applitools.tests.VisualAITests</td><td><a href="#m5">loginAndSortTableByAmount</a></td><td rowspan="1">1574628699563</td><td rowspan="1">33574</td></tr><tr class="passedeven"><td><a href="#m6">loginPageUITest</a></td><td rowspan="1">1574628583122</td><td rowspan="1">25226</td></tr><tr class="passedeven"><td><a href="#m7">testDynamicContent</a></td><td rowspan="1">1574628762606</td><td rowspan="1">29223</td></tr><tr class="passedeven"><td><a href="#m8">testExpenseChart</a></td><td rowspan="1">1574628733145</td><td rowspan="1">29453</td></tr></tbody>
</table>
<h2>Mobile portrait</h2><h3 id="m0">com.applitools.tests.VisualAITests#afterAllTests</h3><table class="result"><tr><th>Exception</th></tr><tr><td><div class="stacktrace">java.lang.IllegalStateException: Client instance has been closed.
	at org.glassfish.jersey.internal.guava.Preconditions.checkState(Preconditions.java:169)
	at org.glassfish.jersey.client.JerseyClient.checkNotClosed(JerseyClient.java:257)
	at org.glassfish.jersey.client.JerseyClient.target(JerseyClient.java:279)
	at org.glassfish.jersey.client.JerseyClient.target(JerseyClient.java:56)
	at com.applitools.eyes.ServerConnector.closeBatch(ServerConnector.java:722)
	at com.applitools.eyes.selenium.SeleniumEyes.closeBatch(SeleniumEyes.java:758)
	at com.applitools.eyes.EyesRunner.deleteAllBatches(EyesRunner.java:33)
	at com.applitools.eyes.EyesRunner.getAllTestResults(EyesRunner.java:25)
	at com.applitools.tests.VisualAITests.afterAllTests(VisualAITests.java:178)
	at java.base/java.util.ArrayList.forEach(ArrayList.java:1540)
... Removed 29 stack frames</div></td></tr></table><p class="totop"><a href="#summary">back to summary</a></p>
<h3 id="m1">com.applitools.tests.VisualAITests#testEmptyPassword</h3><table class="result"><tr><th>Exception</th></tr><tr><td><div class="stacktrace">com.applitools.eyes.exceptions.DiffsFoundException: Test &apos;Hackathon - Test invalid data-empty password&apos; of &apos;Demo App&apos; detected differences! See details at: https://eyes.applitools.com/app/batches/00000251827672211094/00000251827672190591?accountId=NFH5dQJut06Ao5rZIFCmsQ~~
	at com.applitools.eyes.EyesBase.logSessionResultsAndThrowException(EyesBase.java:524)
	at com.applitools.eyes.EyesBase.close(EyesBase.java:497)
	at com.applitools.eyes.selenium.SeleniumEyes.close(SeleniumEyes.java:2021)
	at com.applitools.eyes.selenium.Eyes.close(Eyes.java:509)
	at com.applitools.eyes.selenium.Eyes.close(Eyes.java:149)
	at com.applitools.tests.VisualAITests.testEmptyPassword(VisualAITests.java:129)
	at java.base/java.util.ArrayList.forEach(ArrayList.java:1540)
... Removed 31 stack frames</div></td></tr></table><p class="totop"><a href="#summary">back to summary</a></p>
<h3 id="m2">com.applitools.tests.VisualAITests#testEmptyUsername</h3><table class="result"><tr><th>Exception</th></tr><tr><td><div class="stacktrace">com.applitools.eyes.exceptions.DiffsFoundException: Test &apos;Hackathon - Test invalid data - blank username&apos; of &apos;Demo App&apos; detected differences! See details at: https://eyes.applitools.com/app/batches/00000251827672211094/00000251827672172755?accountId=NFH5dQJut06Ao5rZIFCmsQ~~
	at com.applitools.eyes.EyesBase.logSessionResultsAndThrowException(EyesBase.java:524)
	at com.applitools.eyes.EyesBase.close(EyesBase.java:497)
	at com.applitools.eyes.selenium.SeleniumEyes.close(SeleniumEyes.java:2021)
	at com.applitools.eyes.selenium.Eyes.close(Eyes.java:509)
	at com.applitools.eyes.selenium.Eyes.close(Eyes.java:149)
	at com.applitools.tests.VisualAITests.testEmptyUsername(VisualAITests.java:116)
	at java.base/java.util.ArrayList.forEach(ArrayList.java:1540)
... Removed 31 stack frames</div></td></tr></table><p class="totop"><a href="#summary">back to summary</a></p>
<h3 id="m3">com.applitools.tests.VisualAITests#testInvalidPassword</h3><table class="result"><tr><th>Exception</th></tr><tr><td><div class="stacktrace">com.applitools.eyes.exceptions.DiffsFoundException: Test &apos;Hackathon - Test invalid data - password&apos; of &apos;Demo App&apos; detected differences! See details at: https://eyes.applitools.com/app/batches/00000251827672211094/00000251827672152624?accountId=NFH5dQJut06Ao5rZIFCmsQ~~
	at com.applitools.eyes.EyesBase.logSessionResultsAndThrowException(EyesBase.java:524)
	at com.applitools.eyes.EyesBase.close(EyesBase.java:497)
	at com.applitools.eyes.selenium.SeleniumEyes.close(SeleniumEyes.java:2021)
	at com.applitools.eyes.selenium.Eyes.close(Eyes.java:509)
	at com.applitools.eyes.selenium.Eyes.close(Eyes.java:149)
	at com.applitools.tests.VisualAITests.testInvalidPassword(VisualAITests.java:102)
	at java.base/java.util.ArrayList.forEach(ArrayList.java:1540)
... Removed 31 stack frames</div></td></tr></table><p class="totop"><a href="#summary">back to summary</a></p>
<h3 id="m4">com.applitools.tests.VisualAITests#testInvalidUserName</h3><table class="result"><tr><th>Exception</th></tr><tr><td><div class="stacktrace">org.openqa.selenium.NoSuchElementException: no such element: Unable to locate element: {&quot;method&quot;:&quot;css selector&quot;,&quot;selector&quot;:&quot;#username&quot;}
  (Session info: chrome=78.0.3904.108)
For documentation on this error, please visit: https://www.seleniumhq.org/exceptions/no_such_element.html
Build info: version: &apos;3.141.59&apos;, revision: &apos;e82be7d358&apos;, time: &apos;2018-11-14T08:17:03&apos;
System info: host: &apos;jyotis-MBP&apos;, ip: &apos;2a02:c7d:da53:7900:d9f9:add9:5e5d:df72%en0&apos;, os.name: &apos;Mac OS X&apos;, os.arch: &apos;x86_64&apos;, os.version: &apos;10.14.6&apos;, java.version: &apos;12.0.2&apos;
Driver info: org.openqa.selenium.chrome.ChromeDriver
Capabilities {acceptInsecureCerts: false, browserName: chrome, browserVersion: 78.0.3904.108, chrome: {chromedriverVersion: 77.0.3865.40 (f484704e052e0..., userDataDir: /var/folders/30/fc_n2ryn3dj...}, goog:chromeOptions: {debuggerAddress: localhost:61767}, javascriptEnabled: true, networkConnectionEnabled: false, pageLoadStrategy: normal, platform: MAC, platformName: MAC, proxy: Proxy(), setWindowRect: true, strictFileInteractability: false, timeouts: {implicit: 0, pageLoad: 300000, script: 30000}, unhandledPromptBehavior: dismiss and notify}
Session ID: b086746c9b1293f068b3571205e7d948
*** Element info: {Using=id, value=username}
	at org.openqa.selenium.remote.http.W3CHttpResponseCodec.createException(W3CHttpResponseCodec.java:187)
	at org.openqa.selenium.remote.http.W3CHttpResponseCodec.decode(W3CHttpResponseCodec.java:122)
	at org.openqa.selenium.remote.http.W3CHttpResponseCodec.decode(W3CHttpResponseCodec.java:49)
	at org.openqa.selenium.remote.HttpCommandExecutor.execute(HttpCommandExecutor.java:158)
	at org.openqa.selenium.remote.service.DriverCommandExecutor.execute(DriverCommandExecutor.java:83)
	at org.openqa.selenium.remote.RemoteWebDriver.execute(RemoteWebDriver.java:552)
	at org.openqa.selenium.remote.RemoteWebDriver.findElement(RemoteWebDriver.java:323)
	at org.openqa.selenium.remote.RemoteWebDriver.findElementById(RemoteWebDriver.java:372)
	at org.openqa.selenium.By$ById.findElement(By.java:188)
	at org.openqa.selenium.remote.RemoteWebDriver.findElement(RemoteWebDriver.java:315)
	at com.applitools.pages.LoginPage.typeUserName(LoginPage.java:23)
	at com.applitools.tests.VisualAITests.testInvalidUserName(VisualAITests.java:85)
	at java.base/java.util.ArrayList.forEach(ArrayList.java:1540)
... Removed 36 stack frames</div></td></tr></table><p class="totop"><a href="#summary">back to summary</a></p>
<h3 id="m5">com.applitools.tests.VisualAITests#loginAndSortTableByAmount</h3><table class="result"><tr><th class="invisible"/></tr></table><p class="totop"><a href="#summary">back to summary</a></p>
<h3 id="m6">com.applitools.tests.VisualAITests#loginPageUITest</h3><table class="result"><tr><th class="invisible"/></tr></table><p class="totop"><a href="#summary">back to summary</a></p>
<h3 id="m7">com.applitools.tests.VisualAITests#testDynamicContent</h3><table class="result"><tr><th class="invisible"/></tr></table><p class="totop"><a href="#summary">back to summary</a></p>
<h3 id="m8">com.applitools.tests.VisualAITests#testExpenseChart</h3><table class="result"><tr><th class="invisible"/></tr></table><p class="totop"><a href="#summary">back to summary</a></p>
</body>
</html>
