<?xml version="1.0" encoding="UTF-8"?>
<!-- Generated by org.testng.reporters.JUnitXMLReporter -->
<testsuite ignored="0" hostname="jyotis-MBP" failures="4" tests="8" name="Mobile portrait" time="217.962" errors="0" timestamp="2019-11-24T20:53:12 GMT">
  <testcase classname="com.applitools.tests.VisualAITests" name="@AfterClass afterAllTests" time="0.161">
    <failure type="java.lang.IllegalStateException" message="Client instance has been closed.">
      <![CDATA[java.lang.IllegalStateException: Client instance has been closed.
at org.glassfish.jersey.internal.guava.Preconditions.checkState(Preconditions.java:169)
at org.glassfish.jersey.client.JerseyClient.checkNotClosed(JerseyClient.java:257)
at org.glassfish.jersey.client.JerseyClient.target(JerseyClient.java:279)
at org.glassfish.jersey.client.JerseyClient.target(JerseyClient.java:56)
at com.applitools.eyes.ServerConnector.closeBatch(ServerConnector.java:722)
at com.applitools.eyes.selenium.SeleniumEyes.closeBatch(SeleniumEyes.java:758)
at com.applitools.eyes.EyesRunner.deleteAllBatches(EyesRunner.java:33)
at com.applitools.eyes.EyesRunner.getAllTestResults(EyesRunner.java:25)
at com.applitools.tests.VisualAITests.afterAllTests(VisualAITests.java:178)
at java.base/java.util.ArrayList.forEach(ArrayList.java:1540)
... Removed 29 stack frames]]>
    </failure>
  </testcase> <!-- @AfterClass afterAllTests -->
  <testcase classname="com.applitools.tests.VisualAITests" name="loginPageUITest" time="25.226"/>
  <testcase classname="com.applitools.tests.VisualAITests" name="testEmptyPassword" time="16.576">
    <failure type="com.applitools.eyes.exceptions.DiffsFoundException" message="Test &amp;apos;Hackathon - Test invalid data-empty password&amp;apos; of &amp;apos;Demo App&amp;apos; detected differences! See details at: https://eyes.applitools.com/app/batches/00000251827672211094/00000251827672190591?accountId=NFH5dQJut06Ao5rZIFCmsQ~~">
      <![CDATA[com.applitools.eyes.exceptions.DiffsFoundException: Test 'Hackathon - Test invalid data-empty password' of 'Demo App' detected differences! See details at: https://eyes.applitools.com/app/batches/00000251827672211094/00000251827672190591?accountId=NFH5dQJut06Ao5rZIFCmsQ~~
at com.applitools.eyes.EyesBase.logSessionResultsAndThrowException(EyesBase.java:524)
at com.applitools.eyes.EyesBase.close(EyesBase.java:497)
at com.applitools.eyes.selenium.SeleniumEyes.close(SeleniumEyes.java:2021)
at com.applitools.eyes.selenium.Eyes.close(Eyes.java:509)
at com.applitools.eyes.selenium.Eyes.close(Eyes.java:149)
at com.applitools.tests.VisualAITests.testEmptyPassword(VisualAITests.java:129)
at java.base/java.util.ArrayList.forEach(ArrayList.java:1540)
... Removed 31 stack frames]]>
    </failure>
  </testcase> <!-- testEmptyPassword -->
  <testcase classname="com.applitools.tests.VisualAITests" name="testEmptyUsername" time="20.845">
    <failure type="com.applitools.eyes.exceptions.DiffsFoundException" message="Test &amp;apos;Hackathon - Test invalid data - blank username&amp;apos; of &amp;apos;Demo App&amp;apos; detected differences! See details at: https://eyes.applitools.com/app/batches/00000251827672211094/00000251827672172755?accountId=NFH5dQJut06Ao5rZIFCmsQ~~">
      <![CDATA[com.applitools.eyes.exceptions.DiffsFoundException: Test 'Hackathon - Test invalid data - blank username' of 'Demo App' detected differences! See details at: https://eyes.applitools.com/app/batches/00000251827672211094/00000251827672172755?accountId=NFH5dQJut06Ao5rZIFCmsQ~~
at com.applitools.eyes.EyesBase.logSessionResultsAndThrowException(EyesBase.java:524)
at com.applitools.eyes.EyesBase.close(EyesBase.java:497)
at com.applitools.eyes.selenium.SeleniumEyes.close(SeleniumEyes.java:2021)
at com.applitools.eyes.selenium.Eyes.close(Eyes.java:509)
at com.applitools.eyes.selenium.Eyes.close(Eyes.java:149)
at com.applitools.tests.VisualAITests.testEmptyUsername(VisualAITests.java:116)
at java.base/java.util.ArrayList.forEach(ArrayList.java:1540)
... Removed 31 stack frames]]>
    </failure>
  </testcase> <!-- testEmptyUsername -->
  <testcase classname="com.applitools.tests.VisualAITests" name="testInvalidPassword" time="51.965">
    <failure type="com.applitools.eyes.exceptions.DiffsFoundException" message="Test &amp;apos;Hackathon - Test invalid data - password&amp;apos; of &amp;apos;Demo App&amp;apos; detected differences! See details at: https://eyes.applitools.com/app/batches/00000251827672211094/00000251827672152624?accountId=NFH5dQJut06Ao5rZIFCmsQ~~">
      <![CDATA[com.applitools.eyes.exceptions.DiffsFoundException: Test 'Hackathon - Test invalid data - password' of 'Demo App' detected differences! See details at: https://eyes.applitools.com/app/batches/00000251827672211094/00000251827672152624?accountId=NFH5dQJut06Ao5rZIFCmsQ~~
at com.applitools.eyes.EyesBase.logSessionResultsAndThrowException(EyesBase.java:524)
at com.applitools.eyes.EyesBase.close(EyesBase.java:497)
at com.applitools.eyes.selenium.SeleniumEyes.close(SeleniumEyes.java:2021)
at com.applitools.eyes.selenium.Eyes.close(Eyes.java:509)
at com.applitools.eyes.selenium.Eyes.close(Eyes.java:149)
at com.applitools.tests.VisualAITests.testInvalidPassword(VisualAITests.java:102)
at java.base/java.util.ArrayList.forEach(ArrayList.java:1540)
... Removed 31 stack frames]]>
    </failure>
  </testcase> <!-- testInvalidPassword -->
  <testcase classname="com.applitools.tests.VisualAITests" name="testInvalidUserName" time="1.759">
    <failure type="org.openqa.selenium.NoSuchElementException" message="no such element: Unable to locate element: {&amp;quot;method&amp;quot;:&amp;quot;css selector&amp;quot;,&amp;quot;selector&amp;quot;:&amp;quot;#username&amp;quot;}
  (Session info: chrome=78.0.3904.108)
For documentation on this error, please visit: https://www.seleniumhq.org/exceptions/no_such_element.html
Build info: version: &amp;apos;3.141.59&amp;apos;, revision: &amp;apos;e82be7d358&amp;apos;, time: &amp;apos;2018-11-14T08:17:03&amp;apos;
System info: host: &amp;apos;jyotis-MBP&amp;apos;, ip: &amp;apos;2a02:c7d:da53:7900:d9f9:add9:5e5d:df72%en0&amp;apos;, os.name: &amp;apos;Mac OS X&amp;apos;, os.arch: &amp;apos;x86_64&amp;apos;, os.version: &amp;apos;10.14.6&amp;apos;, java.version: &amp;apos;12.0.2&amp;apos;
Driver info: org.openqa.selenium.chrome.ChromeDriver
Capabilities {acceptInsecureCerts: false, browserName: chrome, browserVersion: 78.0.3904.108, chrome: {chromedriverVersion: 77.0.3865.40 (f484704e052e0..., userDataDir: /var/folders/30/fc_n2ryn3dj...}, goog:chromeOptions: {debuggerAddress: localhost:61767}, javascriptEnabled: true, networkConnectionEnabled: false, pageLoadStrategy: normal, platform: MAC, platformName: MAC, proxy: Proxy(), setWindowRect: true, strictFileInteractability: false, timeouts: {implicit: 0, pageLoad: 300000, script: 30000}, unhandledPromptBehavior: dismiss and notify}
Session ID: b086746c9b1293f068b3571205e7d948
*** Element info: {Using=id, value=username}">
      <![CDATA[org.openqa.selenium.NoSuchElementException: no such element: Unable to locate element: {"method":"css selector","selector":"#username"}
  (Session info: chrome=78.0.3904.108)
For documentation on this error, please visit: https://www.seleniumhq.org/exceptions/no_such_element.html
Build info: version: '3.141.59', revision: 'e82be7d358', time: '2018-11-14T08:17:03'
System info: host: 'jyotis-MBP', ip: '2a02:c7d:da53:7900:d9f9:add9:5e5d:df72%en0', os.name: 'Mac OS X', os.arch: 'x86_64', os.version: '10.14.6', java.version: '12.0.2'
Driver info: org.openqa.selenium.chrome.ChromeDriver
Capabilities {acceptInsecureCerts: false, browserName: chrome, browserVersion: 78.0.3904.108, chrome: {chromedriverVersion: 77.0.3865.40 (f484704e052e0..., userDataDir: /var/folders/30/fc_n2ryn3dj...}, goog:chromeOptions: {debuggerAddress: localhost:61767}, javascriptEnabled: true, networkConnectionEnabled: false, pageLoadStrategy: normal, platform: MAC, platformName: MAC, proxy: Proxy(), setWindowRect: true, strictFileInteractability: false, timeouts: {implicit: 0, pageLoad: 300000, script: 30000}, unhandledPromptBehavior: dismiss and notify}
Session ID: b086746c9b1293f068b3571205e7d948
*** Element info: {Using=id, value=username}
at org.openqa.selenium.remote.http.W3CHttpResponseCodec.createException(W3CHttpResponseCodec.java:187)
at org.openqa.selenium.remote.http.W3CHttpResponseCodec.decode(W3CHttpResponseCodec.java:122)
at org.openqa.selenium.remote.http.W3CHttpResponseCodec.decode(W3CHttpResponseCodec.java:49)
at org.openqa.selenium.remote.HttpCommandExecutor.execute(HttpCommandExecutor.java:158)
at org.openqa.selenium.remote.service.DriverCommandExecutor.execute(DriverCommandExecutor.java:83)
at org.openqa.selenium.remote.RemoteWebDriver.execute(RemoteWebDriver.java:552)
at org.openqa.selenium.remote.RemoteWebDriver.findElement(RemoteWebDriver.java:323)
at org.openqa.selenium.remote.RemoteWebDriver.findElementById(RemoteWebDriver.java:372)
at org.openqa.selenium.By$ById.findElement(By.java:188)
at org.openqa.selenium.remote.RemoteWebDriver.findElement(RemoteWebDriver.java:315)
at com.applitools.pages.LoginPage.typeUserName(LoginPage.java:23)
at com.applitools.tests.VisualAITests.testInvalidUserName(VisualAITests.java:85)
at java.base/java.util.ArrayList.forEach(ArrayList.java:1540)
... Removed 36 stack frames]]>
    </failure>
  </testcase> <!-- testInvalidUserName -->
  <testcase classname="com.applitools.tests.VisualAITests" name="loginAndSortTableByAmount" time="33.574"/>
  <testcase classname="com.applitools.tests.VisualAITests" name="testExpenseChart" time="29.453"/>
  <testcase classname="com.applitools.tests.VisualAITests" name="testDynamicContent" time="29.223"/>
</testsuite> <!-- Mobile portrait -->
